Using pre-set license
Built from '2021.3/staging' branch; Version is '2021.3.32f1 (3b9dae9532f5) revision 3906990'; Using compiler version '192829333'; Build Type 'Release'
OS: 'Windows 10  (10.0.19045) 64bit Professional' Language: 'ru' Physical Memory: 16297 MB
BatchMode: 1, IsHumanControllingUs: 0, StartBugReporterOnCrash: 0, Is64bit: 1, IsPro: 1

COMMAND LINE ARGUMENTS:
C:\Program Files\Unity\Hub\Editor\2021.3.32f1\Editor\Unity.exe
-adb2
-batchMode
-noUpm
-name
AssetImportWorker0
-projectPath
C:/Users/User/Unity/The Project Isolde
-logFile
Logs/AssetImportWorker0.log
-srvPort
51576
Successfully changed project path to: C:/Users/User/Unity/The Project Isolde
C:/Users/User/Unity/The Project Isolde
[UnityMemory] Configuration Parameters - Can be set up in boot.config
    "memorysetup-bucket-allocator-granularity=16"
    "memorysetup-bucket-allocator-bucket-count=8"
    "memorysetup-bucket-allocator-block-size=33554432"
    "memorysetup-bucket-allocator-block-count=8"
    "memorysetup-main-allocator-block-size=16777216"
    "memorysetup-thread-allocator-block-size=16777216"
    "memorysetup-gfx-main-allocator-block-size=16777216"
    "memorysetup-gfx-thread-allocator-block-size=16777216"
    "memorysetup-cache-allocator-block-size=4194304"
    "memorysetup-typetree-allocator-block-size=2097152"
    "memorysetup-profiler-bucket-allocator-granularity=16"
    "memorysetup-profiler-bucket-allocator-bucket-count=8"
    "memorysetup-profiler-bucket-allocator-block-size=33554432"
    "memorysetup-profiler-bucket-allocator-block-count=8"
    "memorysetup-profiler-allocator-block-size=16777216"
    "memorysetup-profiler-editor-allocator-block-size=1048576"
    "memorysetup-temp-allocator-size-main=16777216"
    "memorysetup-job-temp-allocator-block-size=2097152"
    "memorysetup-job-temp-allocator-block-size-background=1048576"
    "memorysetup-job-temp-allocator-reduction-small-platforms=262144"
    "memorysetup-temp-allocator-size-background-worker=32768"
    "memorysetup-temp-allocator-size-job-worker=262144"
    "memorysetup-temp-allocator-size-preload-manager=33554432"
    "memorysetup-temp-allocator-size-nav-mesh-worker=65536"
    "memorysetup-temp-allocator-size-audio-worker=65536"
    "memorysetup-temp-allocator-size-cloud-worker=32768"
    "memorysetup-temp-allocator-size-gi-baking-worker=262144"
    "memorysetup-temp-allocator-size-gfx=262144"
Player connection [16664] Host "[IP] 26.182.206.25 [Port] 0 [Flags] 2 [Guid] 3198053097 [EditorId] 3198053097 [Version] 1048832 [Id] WindowsEditor(7,DESKTOP-2376C0E) [Debug] 1 [PackageName] WindowsEditor [ProjectName] Editor" joined multi-casting on [225.0.0.222:54997]...

Player connection [16664] Host "[IP] 26.182.206.25 [Port] 0 [Flags] 2 [Guid] 3198053097 [EditorId] 3198053097 [Version] 1048832 [Id] WindowsEditor(7,DESKTOP-2376C0E) [Debug] 1 [PackageName] WindowsEditor [ProjectName] Editor" joined alternative multi-casting on [225.0.0.222:34997]...

[Physics::Module] Initialized MultithreadedJobDispatcher with {0} workers.
Refreshing native plugins compatible for Editor in 70.64 ms, found 4 plugins.
Preloading 0 native plugins for Editor in 0.00 ms.
Initialize engine version: 2021.3.32f1 (3b9dae9532f5)
[Subsystems] Discovering subsystems at path C:/Program Files/Unity/Hub/Editor/2021.3.32f1/Editor/Data/Resources/UnitySubsystems
[Subsystems] Discovering subsystems at path C:/Users/User/Unity/The Project Isolde/Assets
GfxDevice: creating device client; threaded=0; jobified=0
Direct3D:
    Version:  Direct3D 11.0 [level 11.1]
    Renderer: NVIDIA GeForce RTX 3070 (ID=0x2484)
    Vendor:   NVIDIA
    VRAM:     8031 MB
    Driver:   31.0.15.3623
Initialize mono
Mono path[0] = 'C:/Program Files/Unity/Hub/Editor/2021.3.32f1/Editor/Data/Managed'
Mono path[1] = 'C:/Program Files/Unity/Hub/Editor/2021.3.32f1/Editor/Data/MonoBleedingEdge/lib/mono/unityjit-win32'
Mono config path = 'C:/Program Files/Unity/Hub/Editor/2021.3.32f1/Editor/Data/MonoBleedingEdge/etc'
Using monoOptions --debugger-agent=transport=dt_socket,embedding=1,server=y,suspend=n,address=127.0.0.1:56532
Begin MonoManager ReloadAssembly
Registering precompiled unity dll's ...
Register platform support module: C:/Program Files/Unity/Hub/Editor/2021.3.32f1/Editor/Data/PlaybackEngines/WebGLSupport/UnityEditor.WebGL.Extensions.dll
Register platform support module: C:/Program Files/Unity/Hub/Editor/2021.3.32f1/Editor/Data/PlaybackEngines/WindowsStandaloneSupport/UnityEditor.WindowsStandalone.Extensions.dll
Register platform support module: C:/Program Files/Unity/Hub/Editor/2021.3.32f1/Editor/Data/PlaybackEngines/MetroSupport/UnityEditor.UWP.Extensions.dll
Registered in 0.006854 seconds.
Native extension for UWP target not found
Native extension for WindowsStandalone target not found
Native extension for WebGL target not found
Refreshing native plugins compatible for Editor in 69.99 ms, found 4 plugins.
Preloading 0 native plugins for Editor in 0.00 ms.
Mono: successfully reloaded assembly
- Completed reload, in  0.533 seconds
Domain Reload Profiling:
	ReloadAssembly (534ms)
		BeginReloadAssembly (82ms)
			ExecutionOrderSort (0ms)
			DisableScriptedObjects (0ms)
			BackupInstance (0ms)
			ReleaseScriptingObjects (0ms)
			CreateAndSetChildDomain (1ms)
		EndReloadAssembly (367ms)
			LoadAssemblies (80ms)
			RebuildTransferFunctionScriptingTraits (0ms)
			SetupTypeCache (89ms)
			ReleaseScriptCaches (0ms)
			RebuildScriptCaches (23ms)
			SetupLoadedEditorAssemblies (220ms)
				LogAssemblyErrors (0ms)
				InitializePlatformSupportModulesInManaged (9ms)
				SetLoadedEditorAssemblies (0ms)
				RefreshPlugins (70ms)
				BeforeProcessingInitializeOnLoad (1ms)
				ProcessInitializeOnLoadAttributes (99ms)
				ProcessInitializeOnLoadMethodAttributes (41ms)
				AfterProcessingInitializeOnLoad (0ms)
				EditorAssembliesLoaded (0ms)
			ExecutionOrderSort2 (0ms)
			AwakeInstancesAfterBackupRestoration (0ms)
Platform modules already initialized, skipping
Registering precompiled user dll's ...
Registered in 0.005439 seconds.
Begin MonoManager ReloadAssembly
Native extension for UWP target not found
Native extension for WindowsStandalone target not found
Native extension for WebGL target not found
Refreshing native plugins compatible for Editor in 69.71 ms, found 4 plugins.
Preloading 0 native plugins for Editor in 0.00 ms.
Package Manager log level set to [2]
[Package Manager] Server::EnsureServerProcessIsRunning -- launch failed, reason: Unity was launched with the -noUpm command-line argument
[Package Manager] Cannot connect to Unity Package Manager local server
Mono: successfully reloaded assembly
- Completed reload, in  1.281 seconds
Domain Reload Profiling:
	ReloadAssembly (1282ms)
		BeginReloadAssembly (112ms)
			ExecutionOrderSort (0ms)
			DisableScriptedObjects (5ms)
			BackupInstance (0ms)
			ReleaseScriptingObjects (0ms)
			CreateAndSetChildDomain (17ms)
		EndReloadAssembly (1080ms)
			LoadAssemblies (93ms)
			RebuildTransferFunctionScriptingTraits (0ms)
			SetupTypeCache (196ms)
			ReleaseScriptCaches (1ms)
			RebuildScriptCaches (48ms)
			SetupLoadedEditorAssemblies (727ms)
				LogAssemblyErrors (0ms)
				InitializePlatformSupportModulesInManaged (7ms)
				SetLoadedEditorAssemblies (0ms)
				RefreshPlugins (70ms)
				BeforeProcessingInitializeOnLoad (77ms)
				ProcessInitializeOnLoadAttributes (522ms)
				ProcessInitializeOnLoadMethodAttributes (45ms)
				AfterProcessingInitializeOnLoad (6ms)
				EditorAssembliesLoaded (0ms)
			ExecutionOrderSort2 (0ms)
			AwakeInstancesAfterBackupRestoration (6ms)
Platform modules already initialized, skipping
========================================================================
Worker process is ready to serve import requests
Launched and connected shader compiler UnityShaderCompiler.exe after 0.03 seconds
Refreshing native plugins compatible for Editor in 0.63 ms, found 4 plugins.
Preloading 0 native plugins for Editor in 0.00 ms.
Unloading 3859 Unused Serialized files (Serialized files now loaded: 0)
Unloading 36 unused Assets / (46.8 KB). Loaded Objects now: 4319.
Memory consumption went from 148.4 MB to 148.4 MB.
Total: 2.667300 ms (FindLiveObjects: 0.305100 ms CreateObjectMapping: 0.261300 ms MarkObjects: 2.037900 ms  DeleteObjects: 0.062300 ms)

AssetImportParameters requested are different than current active one (requested -> active):
  custom:video-decoder-ogg-theora: a1e56fd34408186e4bbccfd4996cb3dc -> 
  custom:container-muxer-webm: aa71ff27fc2769a1b78a27578f13a17b -> 
  custom:container-demuxer-webm: 4f35f7cbe854078d1ac9338744f61a02 -> 
  custom:video-encoder-webm-vp8: eb34c28f22e8b96e1ab97ce403110664 -> 
  custom:audio-encoder-webm-vorbis: bf7c407c2cedff20999df2af8eb42d56 -> 
  custom:framework-win-MediaFoundation: 216162199b28c13a410421893ffa2e32 -> 
  custom:container-demuxer-ogg: 62fdf1f143b41e24485cea50d1cbac27 -> 
  custom:video-decoder-webm-vp8: 9c59270c3fd7afecdb556c50c9e8de78 -> 
  custom:audio-decoder-ogg-vorbis: bf7c407c2cedff20999df2af8eb42d56 -> 
========================================================================
Received Import Request.
  Time since last request: 257990.848251 seconds.
  path: Assets/sprites/hero/чывпчапвчкп.png
  artifactKey: Guid(8c4f8a98dca409b4c872528ac55286b0) Importer(815301076,1909f56bfc062723c751e8b465ee728b)
Number of updated assets reloaded before import = 0
Start importing Assets/sprites/hero/чывпчапвчкп.png using Guid(8c4f8a98dca409b4c872528ac55286b0) Importer(815301076,1909f56bfc062723c751e8b465ee728b)  -> (artifact id: '129014f8433f98d202015015de77fb1c') in 0.104311 seconds 
Number of asset objects unloaded after import = 3
========================================================================
Received Prepare
Refreshing native plugins compatible for Editor in 3.77 ms, found 4 plugins.
Preloading 0 native plugins for Editor in 0.00 ms.
Unloading 23 Unused Serialized files (Serialized files now loaded: 0)
Unloading 23 unused Assets / (21.9 KB). Loaded Objects now: 4327.
Memory consumption went from 74.0 MB to 73.9 MB.
Total: 2.768300 ms (FindLiveObjects: 0.319800 ms CreateObjectMapping: 0.257000 ms MarkObjects: 2.176000 ms  DeleteObjects: 0.015000 ms)

AssetImportParameters requested are different than current active one (requested -> active):
  custom:video-decoder-ogg-theora: a1e56fd34408186e4bbccfd4996cb3dc -> 
  custom:container-muxer-webm: aa71ff27fc2769a1b78a27578f13a17b -> 
  custom:container-demuxer-webm: 4f35f7cbe854078d1ac9338744f61a02 -> 
  custom:video-encoder-webm-vp8: eb34c28f22e8b96e1ab97ce403110664 -> 
  custom:CustomObjectIndexerAttribute: bc11b3a6c3213fcdd17b65e7da85e133 -> 
  custom:audio-encoder-webm-vorbis: bf7c407c2cedff20999df2af8eb42d56 -> 
  custom:framework-win-MediaFoundation: 216162199b28c13a410421893ffa2e32 -> 
  custom:SearchIndexIgnoredProperties: e643bd26f0fe6173181afceb89e7c659 -> 
  custom:container-demuxer-ogg: 62fdf1f143b41e24485cea50d1cbac27 -> 
  custom:video-decoder-webm-vp8: 9c59270c3fd7afecdb556c50c9e8de78 -> 
  custom:audio-decoder-ogg-vorbis: bf7c407c2cedff20999df2af8eb42d56 -> 
========================================================================
Received Import Request.
  Time since last request: 246.797206 seconds.
  path: Assets/sprites/hero/w0.png
  artifactKey: Guid(588bbd3af92f96c48897ce6f9584aad1) Importer(815301076,1909f56bfc062723c751e8b465ee728b)
Number of updated assets reloaded before import = 0
Start importing Assets/sprites/hero/w0.png using Guid(588bbd3af92f96c48897ce6f9584aad1) Importer(815301076,1909f56bfc062723c751e8b465ee728b)  -> (artifact id: 'cd99aa86cac23d5ef731f60e5fdfb8e9') in 0.020972 seconds 
Number of asset objects unloaded after import = 3
========================================================================
Received Import Request.
  Time since last request: 0.000021 seconds.
  path: Assets/sprites/hero/w3.png
  artifactKey: Guid(2439d57ecb22f4b4aa210b81b80e7ae8) Importer(815301076,1909f56bfc062723c751e8b465ee728b)
Number of updated assets reloaded before import = 0
Start importing Assets/sprites/hero/w3.png using Guid(2439d57ecb22f4b4aa210b81b80e7ae8) Importer(815301076,1909f56bfc062723c751e8b465ee728b)  -> (artifact id: '26ed871f5f00aa1b7c980efae24b7f0d') in 0.016636 seconds 
Number of asset objects unloaded after import = 3
========================================================================
Received Import Request.
  Time since last request: 0.000017 seconds.
  path: Assets/sprites/hero/w2.png
  artifactKey: Guid(2e9f3b04f72777a4ab48552dae98935b) Importer(815301076,1909f56bfc062723c751e8b465ee728b)
Number of updated assets reloaded before import = 0
Start importing Assets/sprites/hero/w2.png using Guid(2e9f3b04f72777a4ab48552dae98935b) Importer(815301076,1909f56bfc062723c751e8b465ee728b)  -> (artifact id: '19c4ee80561105addad46b6feae07137') in 0.018218 seconds 
Number of asset objects unloaded after import = 3
========================================================================
Received Import Request.
  Time since last request: 8.208888 seconds.
  path: Assets/anims/up_walk.anim
  artifactKey: Guid(92e6bcd282f281a419d842301f42efa7) Importer(815301076,1909f56bfc062723c751e8b465ee728b)
Number of updated assets reloaded before import = 0
Start importing Assets/anims/up_walk.anim using Guid(92e6bcd282f281a419d842301f42efa7) Importer(815301076,1909f56bfc062723c751e8b465ee728b)  -> (artifact id: 'b4b6ea22453549902e1bcbe99c3d548c') in 0.003802 seconds 
Number of asset objects unloaded after import = 1
========================================================================
Received Import Request.
  Time since last request: 152.300876 seconds.
  path: Assets/sprites/hero/l0.png
  artifactKey: Guid(9710251396824be4da69cc186540161a) Importer(815301076,1909f56bfc062723c751e8b465ee728b)
Number of updated assets reloaded before import = 0
Start importing Assets/sprites/hero/l0.png using Guid(9710251396824be4da69cc186540161a) Importer(815301076,1909f56bfc062723c751e8b465ee728b)  -> (artifact id: 'e96a73930cd64cfdd2a30b588c3f599a') in 0.016154 seconds 
Number of asset objects unloaded after import = 3
========================================================================
Received Import Request.
  Time since last request: 0.000013 seconds.
  path: Assets/sprites/hero/r1.png
  artifactKey: Guid(f164718d863c5a14f83306d4778628a2) Importer(815301076,1909f56bfc062723c751e8b465ee728b)
Number of updated assets reloaded before import = 0
Start importing Assets/sprites/hero/r1.png using Guid(f164718d863c5a14f83306d4778628a2) Importer(815301076,1909f56bfc062723c751e8b465ee728b)  -> (artifact id: '95eda165606c152432e826cd33c509c6') in 0.014117 seconds 
Number of asset objects unloaded after import = 3
========================================================================
Received Import Request.
  Time since last request: 153.196558 seconds.
  path: Assets/sprites/hero/d0.png
  artifactKey: Guid(acf98a1f01416284c9953446cfc2ce29) Importer(815301076,1909f56bfc062723c751e8b465ee728b)
Number of updated assets reloaded before import = 0
Start importing Assets/sprites/hero/d0.png using Guid(acf98a1f01416284c9953446cfc2ce29) Importer(815301076,1909f56bfc062723c751e8b465ee728b)  -> (artifact id: 'acfe24656d62ed5f820922bc2a3dbd8f') in 0.016226 seconds 
Number of asset objects unloaded after import = 3
========================================================================
Received Import Request.
  Time since last request: 0.000016 seconds.
  path: Assets/sprites/hero/d2.png
  artifactKey: Guid(2781a1f3fcd06184a93e573d141f475a) Importer(815301076,1909f56bfc062723c751e8b465ee728b)
Number of updated assets reloaded before import = 0
Start importing Assets/sprites/hero/d2.png using Guid(2781a1f3fcd06184a93e573d141f475a) Importer(815301076,1909f56bfc062723c751e8b465ee728b)  -> (artifact id: '1b577e45ba6f48b1a01dc0c282a141ea') in 0.014591 seconds 
Number of asset objects unloaded after import = 3
========================================================================
Received Import Request.
  Time since last request: 46.028478 seconds.
  path: Assets/sprites/hero/r0.png
  artifactKey: Guid(7642be7c0fd734e4383e3089340ca3e1) Importer(815301076,1909f56bfc062723c751e8b465ee728b)
Number of updated assets reloaded before import = 0
Start importing Assets/sprites/hero/r0.png using Guid(7642be7c0fd734e4383e3089340ca3e1) Importer(815301076,1909f56bfc062723c751e8b465ee728b)  -> (artifact id: '87d3b7e65e1c83e2095ba6d7774cb5af') in 0.014343 seconds 
Number of asset objects unloaded after import = 3
========================================================================
Received Import Request.
  Time since last request: 0.009280 seconds.
  path: Assets/sprites/hero/d0.png
  artifactKey: Guid(acf98a1f01416284c9953446cfc2ce29) Importer(815301076,1909f56bfc062723c751e8b465ee728b)
Number of updated assets reloaded before import = 0
Start importing Assets/sprites/hero/d0.png using Guid(acf98a1f01416284c9953446cfc2ce29) Importer(815301076,1909f56bfc062723c751e8b465ee728b)  -> (artifact id: '0cfef9840d6418e32aa6f6c7c6cdaab6') in 0.017322 seconds 
Number of asset objects unloaded after import = 3
========================================================================
Received Import Request.
  Time since last request: 0.001506 seconds.
  path: Assets/sprites/hero/d3.png
  artifactKey: Guid(b73616e732476674a8f45f0727781d0e) Importer(815301076,1909f56bfc062723c751e8b465ee728b)
Number of updated assets reloaded before import = 0
Start importing Assets/sprites/hero/d3.png using Guid(b73616e732476674a8f45f0727781d0e) Importer(815301076,1909f56bfc062723c751e8b465ee728b)  -> (artifact id: '32aacff21c09681e734adda047dd64b5') in 0.020723 seconds 
Number of asset objects unloaded after import = 3
========================================================================
Received Import Request.
  Time since last request: 0.000014 seconds.
  path: Assets/sprites/hero/w3.png
  artifactKey: Guid(2439d57ecb22f4b4aa210b81b80e7ae8) Importer(815301076,1909f56bfc062723c751e8b465ee728b)
Number of updated assets reloaded before import = 0
Start importing Assets/sprites/hero/w3.png using Guid(2439d57ecb22f4b4aa210b81b80e7ae8) Importer(815301076,1909f56bfc062723c751e8b465ee728b)  -> (artifact id: 'e1cfcd1cacf771747ace4bcb5fa20cc5') in 0.015445 seconds 
Number of asset objects unloaded after import = 3
========================================================================
Received Import Request.
  Time since last request: 0.000014 seconds.
  path: Assets/sprites/hero/d2.png
  artifactKey: Guid(2781a1f3fcd06184a93e573d141f475a) Importer(815301076,1909f56bfc062723c751e8b465ee728b)
Number of updated assets reloaded before import = 0
Start importing Assets/sprites/hero/d2.png using Guid(2781a1f3fcd06184a93e573d141f475a) Importer(815301076,1909f56bfc062723c751e8b465ee728b)  -> (artifact id: '29cb64aa538151fd7f65bcb3083c7fe5') in 0.015976 seconds 
Number of asset objects unloaded after import = 3
========================================================================
Received Import Request.
  Time since last request: 0.000013 seconds.
  path: Assets/sprites/hero/w2.png
  artifactKey: Guid(2e9f3b04f72777a4ab48552dae98935b) Importer(815301076,1909f56bfc062723c751e8b465ee728b)
Number of updated assets reloaded before import = 0
Start importing Assets/sprites/hero/w2.png using Guid(2e9f3b04f72777a4ab48552dae98935b) Importer(815301076,1909f56bfc062723c751e8b465ee728b)  -> (artifact id: 'a5c644d4bdd1ca9cb99ecfc28c5af883') in 0.016436 seconds 
Number of asset objects unloaded after import = 3
========================================================================
Received Import Request.
  Time since last request: 0.000015 seconds.
  path: Assets/sprites/hero/l1.png
  artifactKey: Guid(17f19565723976f43a05867b0cd10ccf) Importer(815301076,1909f56bfc062723c751e8b465ee728b)
Number of updated assets reloaded before import = 0
Start importing Assets/sprites/hero/l1.png using Guid(17f19565723976f43a05867b0cd10ccf) Importer(815301076,1909f56bfc062723c751e8b465ee728b)  -> (artifact id: '283da678c09394d8658fde13972a7167') in 0.014122 seconds 
Number of asset objects unloaded after import = 3
Editor requested this worker to shutdown with reason: Scaling down because of idle timeout
AssetImportWorker is now disconnected from the server
Process exiting
Exiting without the bug reporter. Application will terminate with return code 0