Using pre-set license
Built from '2021.3/staging' branch; Version is '2021.3.32f1 (3b9dae9532f5) revision 3906990'; Using compiler version '192829333'; Build Type 'Release'
OS: 'Windows 10  (10.0.19045) 64bit Professional' Language: 'ru' Physical Memory: 16297 MB
BatchMode: 1, IsHumanControllingUs: 0, StartBugReporterOnCrash: 0, Is64bit: 1, IsPro: 1

COMMAND LINE ARGUMENTS:
C:\Program Files\Unity\Hub\Editor\2021.3.32f1\Editor\Unity.exe
-adb2
-batchMode
-noUpm
-name
AssetImportWorker0
-projectPath
C:/Users/User/Documents/GitHub/topdowngame/ProjectF
-logFile
Logs/AssetImportWorker0.log
-srvPort
49221
Successfully changed project path to: C:/Users/User/Documents/GitHub/topdowngame/ProjectF
C:/Users/User/Documents/GitHub/topdowngame/ProjectF
[UnityMemory] Configuration Parameters - Can be set up in boot.config
    "memorysetup-bucket-allocator-granularity=16"
    "memorysetup-bucket-allocator-bucket-count=8"
    "memorysetup-bucket-allocator-block-size=33554432"
    "memorysetup-bucket-allocator-block-count=8"
    "memorysetup-main-allocator-block-size=16777216"
    "memorysetup-thread-allocator-block-size=16777216"
    "memorysetup-gfx-main-allocator-block-size=16777216"
    "memorysetup-gfx-thread-allocator-block-size=16777216"
    "memorysetup-cache-allocator-block-size=4194304"
    "memorysetup-typetree-allocator-block-size=2097152"
    "memorysetup-profiler-bucket-allocator-granularity=16"
    "memorysetup-profiler-bucket-allocator-bucket-count=8"
    "memorysetup-profiler-bucket-allocator-block-size=33554432"
    "memorysetup-profiler-bucket-allocator-block-count=8"
    "memorysetup-profiler-allocator-block-size=16777216"
    "memorysetup-profiler-editor-allocator-block-size=1048576"
    "memorysetup-temp-allocator-size-main=16777216"
    "memorysetup-job-temp-allocator-block-size=2097152"
    "memorysetup-job-temp-allocator-block-size-background=1048576"
    "memorysetup-job-temp-allocator-reduction-small-platforms=262144"
    "memorysetup-temp-allocator-size-background-worker=32768"
    "memorysetup-temp-allocator-size-job-worker=262144"
    "memorysetup-temp-allocator-size-preload-manager=33554432"
    "memorysetup-temp-allocator-size-nav-mesh-worker=65536"
    "memorysetup-temp-allocator-size-audio-worker=65536"
    "memorysetup-temp-allocator-size-cloud-worker=32768"
    "memorysetup-temp-allocator-size-gi-baking-worker=262144"
    "memorysetup-temp-allocator-size-gfx=262144"
Player connection [15380] Host "[IP] 26.182.206.25 [Port] 0 [Flags] 2 [Guid] 2603698028 [EditorId] 2603698028 [Version] 1048832 [Id] WindowsEditor(7,DESKTOP-2376C0E) [Debug] 1 [PackageName] WindowsEditor [ProjectName] Editor" joined multi-casting on [225.0.0.222:54997]...

Player connection [15380] Host "[IP] 26.182.206.25 [Port] 0 [Flags] 2 [Guid] 2603698028 [EditorId] 2603698028 [Version] 1048832 [Id] WindowsEditor(7,DESKTOP-2376C0E) [Debug] 1 [PackageName] WindowsEditor [ProjectName] Editor" joined alternative multi-casting on [225.0.0.222:34997]...

[Physics::Module] Initialized MultithreadedJobDispatcher with {0} workers.
Refreshing native plugins compatible for Editor in 79.71 ms, found 4 plugins.
Preloading 0 native plugins for Editor in 0.00 ms.
Initialize engine version: 2021.3.32f1 (3b9dae9532f5)
[Subsystems] Discovering subsystems at path C:/Program Files/Unity/Hub/Editor/2021.3.32f1/Editor/Data/Resources/UnitySubsystems
[Subsystems] Discovering subsystems at path C:/Users/User/Documents/GitHub/topdowngame/ProjectF/Assets
GfxDevice: creating device client; threaded=0; jobified=0
Direct3D:
    Version:  Direct3D 11.0 [level 11.1]
    Renderer: NVIDIA GeForce RTX 3070 (ID=0x2484)
    Vendor:   NVIDIA
    VRAM:     8031 MB
    Driver:   31.0.15.3623
Initialize mono
Mono path[0] = 'C:/Program Files/Unity/Hub/Editor/2021.3.32f1/Editor/Data/Managed'
Mono path[1] = 'C:/Program Files/Unity/Hub/Editor/2021.3.32f1/Editor/Data/MonoBleedingEdge/lib/mono/unityjit-win32'
Mono config path = 'C:/Program Files/Unity/Hub/Editor/2021.3.32f1/Editor/Data/MonoBleedingEdge/etc'
Using monoOptions --debugger-agent=transport=dt_socket,embedding=1,server=y,suspend=n,address=127.0.0.1:56836
Begin MonoManager ReloadAssembly
Registering precompiled unity dll's ...
Register platform support module: C:/Program Files/Unity/Hub/Editor/2021.3.32f1/Editor/Data/PlaybackEngines/WebGLSupport/UnityEditor.WebGL.Extensions.dll
Register platform support module: C:/Program Files/Unity/Hub/Editor/2021.3.32f1/Editor/Data/PlaybackEngines/WindowsStandaloneSupport/UnityEditor.WindowsStandalone.Extensions.dll
Register platform support module: C:/Program Files/Unity/Hub/Editor/2021.3.32f1/Editor/Data/PlaybackEngines/MetroSupport/UnityEditor.UWP.Extensions.dll
Registered in 0.007151 seconds.
Native extension for UWP target not found
Native extension for WindowsStandalone target not found
Native extension for WebGL target not found
Refreshing native plugins compatible for Editor in 78.50 ms, found 4 plugins.
Preloading 0 native plugins for Editor in 0.00 ms.
Mono: successfully reloaded assembly
- Completed reload, in  0.538 seconds
Domain Reload Profiling:
	ReloadAssembly (538ms)
		BeginReloadAssembly (80ms)
			ExecutionOrderSort (0ms)
			DisableScriptedObjects (0ms)
			BackupInstance (0ms)
			ReleaseScriptingObjects (0ms)
			CreateAndSetChildDomain (1ms)
		EndReloadAssembly (375ms)
			LoadAssemblies (78ms)
			RebuildTransferFunctionScriptingTraits (0ms)
			SetupTypeCache (90ms)
			ReleaseScriptCaches (0ms)
			RebuildScriptCaches (23ms)
			SetupLoadedEditorAssemblies (228ms)
				LogAssemblyErrors (0ms)
				InitializePlatformSupportModulesInManaged (8ms)
				SetLoadedEditorAssemblies (0ms)
				RefreshPlugins (79ms)
				BeforeProcessingInitializeOnLoad (1ms)
				ProcessInitializeOnLoadAttributes (99ms)
				ProcessInitializeOnLoadMethodAttributes (41ms)
				AfterProcessingInitializeOnLoad (0ms)
				EditorAssembliesLoaded (0ms)
			ExecutionOrderSort2 (0ms)
			AwakeInstancesAfterBackupRestoration (0ms)
Platform modules already initialized, skipping
Registering precompiled user dll's ...
Registered in 0.005530 seconds.
Begin MonoManager ReloadAssembly
OnLevelWasLoaded was found on GlobalW
This message has been deprecated and will be removed in a later version of Unity.
Add a delegate to SceneManager.sceneLoaded instead to get notifications after scene loading has completed
Native extension for UWP target not found
Native extension for WindowsStandalone target not found
Native extension for WebGL target not found
Refreshing native plugins compatible for Editor in 79.24 ms, found 4 plugins.
Preloading 0 native plugins for Editor in 0.00 ms.
Package Manager log level set to [2]
[Package Manager] Server::EnsureServerProcessIsRunning -- launch failed, reason: Unity was launched with the -noUpm command-line argument
[Package Manager] Cannot connect to Unity Package Manager local server
Mono: successfully reloaded assembly
- Completed reload, in  1.387 seconds
Domain Reload Profiling:
	ReloadAssembly (1388ms)
		BeginReloadAssembly (112ms)
			ExecutionOrderSort (0ms)
			DisableScriptedObjects (5ms)
			BackupInstance (0ms)
			ReleaseScriptingObjects (0ms)
			CreateAndSetChildDomain (17ms)
		EndReloadAssembly (1186ms)
			LoadAssemblies (91ms)
			RebuildTransferFunctionScriptingTraits (0ms)
			SetupTypeCache (214ms)
			ReleaseScriptCaches (1ms)
			RebuildScriptCaches (54ms)
			SetupLoadedEditorAssemblies (810ms)
				LogAssemblyErrors (0ms)
				InitializePlatformSupportModulesInManaged (7ms)
				SetLoadedEditorAssemblies (0ms)
				RefreshPlugins (79ms)
				BeforeProcessingInitializeOnLoad (85ms)
				ProcessInitializeOnLoadAttributes (589ms)
				ProcessInitializeOnLoadMethodAttributes (43ms)
				AfterProcessingInitializeOnLoad (7ms)
				EditorAssembliesLoaded (0ms)
			ExecutionOrderSort2 (0ms)
			AwakeInstancesAfterBackupRestoration (7ms)
Platform modules already initialized, skipping
========================================================================
Worker process is ready to serve import requests
Launched and connected shader compiler UnityShaderCompiler.exe after 0.04 seconds
Refreshing native plugins compatible for Editor in 0.73 ms, found 4 plugins.
Preloading 0 native plugins for Editor in 0.00 ms.
Unloading 4427 Unused Serialized files (Serialized files now loaded: 0)
Unloading 52 unused Assets / (119.7 KB). Loaded Objects now: 4885.
Memory consumption went from 168.9 MB to 168.8 MB.
Total: 3.175400 ms (FindLiveObjects: 0.330600 ms CreateObjectMapping: 0.318600 ms MarkObjects: 2.446900 ms  DeleteObjects: 0.078700 ms)

AssetImportParameters requested are different than current active one (requested -> active):
  custom:video-decoder-ogg-theora: a1e56fd34408186e4bbccfd4996cb3dc -> 
  custom:container-muxer-webm: aa71ff27fc2769a1b78a27578f13a17b -> 
  custom:container-demuxer-webm: 4f35f7cbe854078d1ac9338744f61a02 -> 
  custom:video-encoder-webm-vp8: eb34c28f22e8b96e1ab97ce403110664 -> 
  custom:CustomObjectIndexerAttribute: bc11b3a6c3213fcdd17b65e7da85e133 -> 
  custom:audio-encoder-webm-vorbis: bf7c407c2cedff20999df2af8eb42d56 -> 
  custom:framework-win-MediaFoundation: 216162199b28c13a410421893ffa2e32 -> 
  custom:SearchIndexIgnoredProperties: e643bd26f0fe6173181afceb89e7c659 -> 
  custom:container-demuxer-ogg: 62fdf1f143b41e24485cea50d1cbac27 -> 
  custom:video-decoder-webm-vp8: 9c59270c3fd7afecdb556c50c9e8de78 -> 
  custom:audio-decoder-ogg-vorbis: bf7c407c2cedff20999df2af8eb42d56 -> 
========================================================================
Received Import Request.
  Time since last request: 836470.612432 seconds.
  path: Assets/Background
  artifactKey: Guid(22f06368a1715d4409beead24f0be4eb) Importer(815301076,1909f56bfc062723c751e8b465ee728b)
Number of updated assets reloaded before import = 0
Start importing Assets/Background using Guid(22f06368a1715d4409beead24f0be4eb) Importer(815301076,1909f56bfc062723c751e8b465ee728b)  -> (artifact id: 'dfb3bc00ea9867d93c1b1c08c8a817e1') in 0.008460 seconds 
Number of asset objects unloaded after import = 0
========================================================================
Received Import Request.
  Time since last request: 0.000015 seconds.
  path: Assets/Background/background menu.png
  artifactKey: Guid(35397f9186bd4814c82f94b2a41ee01d) Importer(815301076,1909f56bfc062723c751e8b465ee728b)
Number of updated assets reloaded before import = 0
Start importing Assets/Background/background menu.png using Guid(35397f9186bd4814c82f94b2a41ee01d) Importer(815301076,1909f56bfc062723c751e8b465ee728b)  -> (artifact id: '931f23d394b3a8e10b443e6b3cae3557') in 0.151204 seconds 
Number of asset objects unloaded after import = 3
========================================================================
Received Import Request.
  Time since last request: 13.377455 seconds.
  path: Assets/Background/0.png
  artifactKey: Guid(e305d300242451a4592b04660b5ceb40) Importer(815301076,1909f56bfc062723c751e8b465ee728b)
Number of updated assets reloaded before import = 0
Start importing Assets/Background/0.png using Guid(e305d300242451a4592b04660b5ceb40) Importer(815301076,1909f56bfc062723c751e8b465ee728b)  -> (artifact id: '78df503c9310d3144b62277b8185fe37') in 0.049469 seconds 
Number of asset objects unloaded after import = 3
========================================================================
Received Import Request.
  Time since last request: 14.921154 seconds.
  path: Assets/Background/0.png
  artifactKey: Guid(e305d300242451a4592b04660b5ceb40) Importer(815301076,1909f56bfc062723c751e8b465ee728b)
Number of updated assets reloaded before import = 0
Start importing Assets/Background/0.png using Guid(e305d300242451a4592b04660b5ceb40) Importer(815301076,1909f56bfc062723c751e8b465ee728b)  -> (artifact id: '4e2ba77fe66edcab1cd1c840b99afc9a') in 0.049571 seconds 
Number of asset objects unloaded after import = 3
========================================================================
Received Import Request.
  Time since last request: 3.022936 seconds.
  path: Assets/Background/0.png
  artifactKey: Guid(e305d300242451a4592b04660b5ceb40) Importer(815301076,1909f56bfc062723c751e8b465ee728b)
Number of updated assets reloaded before import = 0
Start importing Assets/Background/0.png using Guid(e305d300242451a4592b04660b5ceb40) Importer(815301076,1909f56bfc062723c751e8b465ee728b)  -> (artifact id: 'f03543ddea1609740916809ebceb0b1b') in 0.047449 seconds 
Number of asset objects unloaded after import = 3
========================================================================
Received Import Request.
  Time since last request: 17.559052 seconds.
  path: Assets/sprites
  artifactKey: Guid(1d565c913445d3d4b9024cf919ac4ec3) Importer(815301076,1909f56bfc062723c751e8b465ee728b)
Number of updated assets reloaded before import = 0
Start importing Assets/sprites using Guid(1d565c913445d3d4b9024cf919ac4ec3) Importer(815301076,1909f56bfc062723c751e8b465ee728b)  -> (artifact id: '3f270d5fef60d48e659824b3825f36aa') in 0.001164 seconds 
Number of asset objects unloaded after import = 0
========================================================================
Received Import Request.
  Time since last request: 0.056828 seconds.
  path: Assets/sprites/chestclose.png
  artifactKey: Guid(79979088aab27e44083adc3cb7e69b6b) Importer(815301076,1909f56bfc062723c751e8b465ee728b)
Number of updated assets reloaded before import = 0
Start importing Assets/sprites/chestclose.png using Guid(79979088aab27e44083adc3cb7e69b6b) Importer(815301076,1909f56bfc062723c751e8b465ee728b)  -> (artifact id: 'a10d4fff7899507b1d960e30d7da56eb') in 0.027072 seconds 
Number of asset objects unloaded after import = 8
========================================================================
Received Import Request.
  Time since last request: 0.000014 seconds.
  path: Assets/sprites/ramka.png
  artifactKey: Guid(2f60559fa6a699b45a4234a68138e156) Importer(815301076,1909f56bfc062723c751e8b465ee728b)
Number of updated assets reloaded before import = 0
Start importing Assets/sprites/ramka.png using Guid(2f60559fa6a699b45a4234a68138e156) Importer(815301076,1909f56bfc062723c751e8b465ee728b)  -> (artifact id: '126f359c476e45c09550e241d173997c') in 0.019017 seconds 
Number of asset objects unloaded after import = 3
========================================================================
Received Import Request.
  Time since last request: 0.000013 seconds.
  path: Assets/sprites/open.png
  artifactKey: Guid(708bf8da660abc14080725b8e9b85a7c) Importer(815301076,1909f56bfc062723c751e8b465ee728b)
Number of updated assets reloaded before import = 0
Start importing Assets/sprites/open.png using Guid(708bf8da660abc14080725b8e9b85a7c) Importer(815301076,1909f56bfc062723c751e8b465ee728b)  -> (artifact id: '4d31e8fddd083465e96f1329268a4678') in 0.015609 seconds 
Number of asset objects unloaded after import = 3
========================================================================
Received Import Request.
  Time since last request: 0.000015 seconds.
  path: Assets/sprites/medkit.png
  artifactKey: Guid(c9f1a30cf98b25a48869f2117f5bec92) Importer(815301076,1909f56bfc062723c751e8b465ee728b)
Number of updated assets reloaded before import = 0
Start importing Assets/sprites/medkit.png using Guid(c9f1a30cf98b25a48869f2117f5bec92) Importer(815301076,1909f56bfc062723c751e8b465ee728b)  -> (artifact id: '718cf150324d38a4ad8b9002899095d4') in 0.018263 seconds 
Number of asset objects unloaded after import = 3
========================================================================
Received Import Request.
  Time since last request: 0.000017 seconds.
  path: Assets/sprites/DBOX.png
  artifactKey: Guid(34bda7dd2f40b3b4197b563b68d8890e) Importer(815301076,1909f56bfc062723c751e8b465ee728b)
Number of updated assets reloaded before import = 0
Start importing Assets/sprites/DBOX.png using Guid(34bda7dd2f40b3b4197b563b68d8890e) Importer(815301076,1909f56bfc062723c751e8b465ee728b)  -> (artifact id: '13e3af694e1cfac7d331c66b50a20f4c') in 0.017360 seconds 
Number of asset objects unloaded after import = 3
========================================================================
Received Import Request.
  Time since last request: 0.000012 seconds.
  path: Assets/sprites/dead.png
  artifactKey: Guid(0d65821ad8453484ba026aa251607fd3) Importer(815301076,1909f56bfc062723c751e8b465ee728b)
Number of updated assets reloaded before import = 0
Start importing Assets/sprites/dead.png using Guid(0d65821ad8453484ba026aa251607fd3) Importer(815301076,1909f56bfc062723c751e8b465ee728b)  -> (artifact id: '3c7ee7b7c2688f2baa5e5c4856caaedf') in 0.016189 seconds 
Number of asset objects unloaded after import = 3
========================================================================
Received Import Request.
  Time since last request: 0.000015 seconds.
  path: Assets/sprites/dooropen.png
  artifactKey: Guid(2d4292dfa70adbe409a44d0c6048bddf) Importer(815301076,1909f56bfc062723c751e8b465ee728b)
Number of updated assets reloaded before import = 0
Start importing Assets/sprites/dooropen.png using Guid(2d4292dfa70adbe409a44d0c6048bddf) Importer(815301076,1909f56bfc062723c751e8b465ee728b)  -> (artifact id: 'ad8a2b347505f9cf6fd007f424815ae4') in 0.039194 seconds 
Number of asset objects unloaded after import = 9
========================================================================
Received Import Request.
  Time since last request: 0.000013 seconds.
  path: Assets/sprites/INVENT.png
  artifactKey: Guid(e2363f2273dd5554db41949029d07e65) Importer(815301076,1909f56bfc062723c751e8b465ee728b)
Number of updated assets reloaded before import = 0
Start importing Assets/sprites/INVENT.png using Guid(e2363f2273dd5554db41949029d07e65) Importer(815301076,1909f56bfc062723c751e8b465ee728b)  -> (artifact id: '8a947c8a121ab68ea3a5e18558092163') in 0.018855 seconds 
Number of asset objects unloaded after import = 3
========================================================================
Received Import Request.
  Time since last request: 0.000016 seconds.
  path: Assets/sprites/laser2.png
  artifactKey: Guid(170e6729c8d4cb74fa8b37964a482efb) Importer(815301076,1909f56bfc062723c751e8b465ee728b)
Number of updated assets reloaded before import = 0
Start importing Assets/sprites/laser2.png using Guid(170e6729c8d4cb74fa8b37964a482efb) Importer(815301076,1909f56bfc062723c751e8b465ee728b)  -> (artifact id: '2fd13fbb1c8d47c1bc16e1f3fb58d885') in 0.027415 seconds 
Number of asset objects unloaded after import = 12
========================================================================
Received Import Request.
  Time since last request: 0.000014 seconds.
  path: Assets/sprites/man.png
  artifactKey: Guid(0fb8c83d05141254981e8c44920d8972) Importer(815301076,1909f56bfc062723c751e8b465ee728b)
Number of updated assets reloaded before import = 0
Start importing Assets/sprites/man.png using Guid(0fb8c83d05141254981e8c44920d8972) Importer(815301076,1909f56bfc062723c751e8b465ee728b)  -> (artifact id: '2bfb7f3172bd26551a1a76f451da6a26') in 0.013326 seconds 
Number of asset objects unloaded after import = 3
========================================================================
Received Import Request.
  Time since last request: 1.680854 seconds.
  path: Assets/sprites/people
  artifactKey: Guid(56d1802e034538c4b8549b843f0bc011) Importer(815301076,1909f56bfc062723c751e8b465ee728b)
Number of updated assets reloaded before import = 0
Start importing Assets/sprites/people using Guid(56d1802e034538c4b8549b843f0bc011) Importer(815301076,1909f56bfc062723c751e8b465ee728b)  -> (artifact id: 'f06e8e5d7e8d7ae5b665a38a9a523bc3') in 0.001273 seconds 
Number of asset objects unloaded after import = 0
========================================================================
Received Import Request.
  Time since last request: 0.068460 seconds.
  path: Assets/sprites/people/ORANGESP.png
  artifactKey: Guid(2a742622eed153846be34e76128463fe) Importer(815301076,1909f56bfc062723c751e8b465ee728b)
Number of updated assets reloaded before import = 0
Start importing Assets/sprites/people/ORANGESP.png using Guid(2a742622eed153846be34e76128463fe) Importer(815301076,1909f56bfc062723c751e8b465ee728b)  -> (artifact id: 'd3cd3310ef66492f31bfe091b4aad525') in 0.017280 seconds 
Number of asset objects unloaded after import = 3
========================================================================
Received Import Request.
  Time since last request: 10.658098 seconds.
  path: Assets/sprites/UI/EXIT2.png
  artifactKey: Guid(2339758ce0251f24fba5b0bc5b960650) Importer(815301076,1909f56bfc062723c751e8b465ee728b)
Number of updated assets reloaded before import = 0
Start importing Assets/sprites/UI/EXIT2.png using Guid(2339758ce0251f24fba5b0bc5b960650) Importer(815301076,1909f56bfc062723c751e8b465ee728b)  -> (artifact id: '9bb3e26bb25b53200f062f070100edc2') in 0.015067 seconds 
Number of asset objects unloaded after import = 3
========================================================================
Received Import Request.
  Time since last request: 0.000013 seconds.
  path: Assets/sprites/UI/PROD1.png
  artifactKey: Guid(e69648ba7a361424a94444c5e1efeb47) Importer(815301076,1909f56bfc062723c751e8b465ee728b)
Number of updated assets reloaded before import = 0
Start importing Assets/sprites/UI/PROD1.png using Guid(e69648ba7a361424a94444c5e1efeb47) Importer(815301076,1909f56bfc062723c751e8b465ee728b)  -> (artifact id: '5d051163dc91bd24dda5a0f2196120ef') in 0.022618 seconds 
Number of asset objects unloaded after import = 3
========================================================================
Received Import Request.
  Time since last request: 0.000015 seconds.
  path: Assets/sprites/UI/PROD2.png
  artifactKey: Guid(69b5544d139ba7242ae9464266481f73) Importer(815301076,1909f56bfc062723c751e8b465ee728b)
Number of updated assets reloaded before import = 0
Start importing Assets/sprites/UI/PROD2.png using Guid(69b5544d139ba7242ae9464266481f73) Importer(815301076,1909f56bfc062723c751e8b465ee728b)  -> (artifact id: '98b9a6b20498038c82ed7946ce5441d3') in 0.018124 seconds 
Number of asset objects unloaded after import = 3
========================================================================
Received Import Request.
  Time since last request: 0.000017 seconds.
  path: Assets/sprites/UI/SAVE2.png
  artifactKey: Guid(c2f0adcb97b98ff4ebece397adfe3f6f) Importer(815301076,1909f56bfc062723c751e8b465ee728b)
Number of updated assets reloaded before import = 0
Start importing Assets/sprites/UI/SAVE2.png using Guid(c2f0adcb97b98ff4ebece397adfe3f6f) Importer(815301076,1909f56bfc062723c751e8b465ee728b)  -> (artifact id: '114666fd06df61d48f1720f91b38e23b') in 0.014472 seconds 
Number of asset objects unloaded after import = 3
========================================================================
Received Import Request.
  Time since last request: 0.000024 seconds.
  path: Assets/sprites/UI/inv2.png
  artifactKey: Guid(2abe8e0d92dc619409ac786fc861700a) Importer(815301076,1909f56bfc062723c751e8b465ee728b)
Number of updated assets reloaded before import = 0
Start importing Assets/sprites/UI/inv2.png using Guid(2abe8e0d92dc619409ac786fc861700a) Importer(815301076,1909f56bfc062723c751e8b465ee728b)  -> (artifact id: '9b406c8875c3df30eb507bbfef86b550') in 0.019448 seconds 
Number of asset objects unloaded after import = 3
Editor requested this worker to shutdown with reason: Scaling down because of idle timeout
AssetImportWorker is now disconnected from the server
Process exiting
Exiting without the bug reporter. Application will terminate with return code 0