Using pre-set license
Built from '2021.3/staging' branch; Version is '2021.3.32f1 (3b9dae9532f5) revision 3906990'; Using compiler version '192829333'; Build Type 'Release'
OS: 'Windows 10  (10.0.19045) 64bit Professional' Language: 'ru' Physical Memory: 16297 MB
BatchMode: 1, IsHumanControllingUs: 0, StartBugReporterOnCrash: 0, Is64bit: 1, IsPro: 1

COMMAND LINE ARGUMENTS:
C:\Program Files\Unity\Hub\Editor\2021.3.32f1\Editor\Unity.exe
-adb2
-batchMode
-noUpm
-name
AssetImportWorker1
-projectPath
C:/Users/User/Documents/GitHub/topdowngame/ProjectF
-logFile
Logs/AssetImportWorker1.log
-srvPort
49221
Successfully changed project path to: C:/Users/User/Documents/GitHub/topdowngame/ProjectF
C:/Users/User/Documents/GitHub/topdowngame/ProjectF
[UnityMemory] Configuration Parameters - Can be set up in boot.config
    "memorysetup-bucket-allocator-granularity=16"
    "memorysetup-bucket-allocator-bucket-count=8"
    "memorysetup-bucket-allocator-block-size=33554432"
    "memorysetup-bucket-allocator-block-count=8"
    "memorysetup-main-allocator-block-size=16777216"
    "memorysetup-thread-allocator-block-size=16777216"
    "memorysetup-gfx-main-allocator-block-size=16777216"
    "memorysetup-gfx-thread-allocator-block-size=16777216"
    "memorysetup-cache-allocator-block-size=4194304"
    "memorysetup-typetree-allocator-block-size=2097152"
    "memorysetup-profiler-bucket-allocator-granularity=16"
    "memorysetup-profiler-bucket-allocator-bucket-count=8"
    "memorysetup-profiler-bucket-allocator-block-size=33554432"
    "memorysetup-profiler-bucket-allocator-block-count=8"
    "memorysetup-profiler-allocator-block-size=16777216"
    "memorysetup-profiler-editor-allocator-block-size=1048576"
    "memorysetup-temp-allocator-size-main=16777216"
    "memorysetup-job-temp-allocator-block-size=2097152"
    "memorysetup-job-temp-allocator-block-size-background=1048576"
    "memorysetup-job-temp-allocator-reduction-small-platforms=262144"
    "memorysetup-temp-allocator-size-background-worker=32768"
    "memorysetup-temp-allocator-size-job-worker=262144"
    "memorysetup-temp-allocator-size-preload-manager=33554432"
    "memorysetup-temp-allocator-size-nav-mesh-worker=65536"
    "memorysetup-temp-allocator-size-audio-worker=65536"
    "memorysetup-temp-allocator-size-cloud-worker=32768"
    "memorysetup-temp-allocator-size-gi-baking-worker=262144"
    "memorysetup-temp-allocator-size-gfx=262144"
Player connection [6692] Host "[IP] 26.182.206.25 [Port] 0 [Flags] 2 [Guid] 3921237833 [EditorId] 3921237833 [Version] 1048832 [Id] WindowsEditor(7,DESKTOP-2376C0E) [Debug] 1 [PackageName] WindowsEditor [ProjectName] Editor" joined multi-casting on [225.0.0.222:54997]...

Player connection [6692] Host "[IP] 26.182.206.25 [Port] 0 [Flags] 2 [Guid] 3921237833 [EditorId] 3921237833 [Version] 1048832 [Id] WindowsEditor(7,DESKTOP-2376C0E) [Debug] 1 [PackageName] WindowsEditor [ProjectName] Editor" joined alternative multi-casting on [225.0.0.222:34997]...

[Physics::Module] Initialized MultithreadedJobDispatcher with {0} workers.
Refreshing native plugins compatible for Editor in 80.15 ms, found 4 plugins.
Preloading 0 native plugins for Editor in 0.00 ms.
Initialize engine version: 2021.3.32f1 (3b9dae9532f5)
[Subsystems] Discovering subsystems at path C:/Program Files/Unity/Hub/Editor/2021.3.32f1/Editor/Data/Resources/UnitySubsystems
[Subsystems] Discovering subsystems at path C:/Users/User/Documents/GitHub/topdowngame/ProjectF/Assets
GfxDevice: creating device client; threaded=0; jobified=0
Direct3D:
    Version:  Direct3D 11.0 [level 11.1]
    Renderer: NVIDIA GeForce RTX 3070 (ID=0x2484)
    Vendor:   NVIDIA
    VRAM:     8031 MB
    Driver:   31.0.15.3623
Initialize mono
Mono path[0] = 'C:/Program Files/Unity/Hub/Editor/2021.3.32f1/Editor/Data/Managed'
Mono path[1] = 'C:/Program Files/Unity/Hub/Editor/2021.3.32f1/Editor/Data/MonoBleedingEdge/lib/mono/unityjit-win32'
Mono config path = 'C:/Program Files/Unity/Hub/Editor/2021.3.32f1/Editor/Data/MonoBleedingEdge/etc'
Using monoOptions --debugger-agent=transport=dt_socket,embedding=1,server=y,suspend=n,address=127.0.0.1:56652
Begin MonoManager ReloadAssembly
Registering precompiled unity dll's ...
Register platform support module: C:/Program Files/Unity/Hub/Editor/2021.3.32f1/Editor/Data/PlaybackEngines/WebGLSupport/UnityEditor.WebGL.Extensions.dll
Register platform support module: C:/Program Files/Unity/Hub/Editor/2021.3.32f1/Editor/Data/PlaybackEngines/WindowsStandaloneSupport/UnityEditor.WindowsStandalone.Extensions.dll
Register platform support module: C:/Program Files/Unity/Hub/Editor/2021.3.32f1/Editor/Data/PlaybackEngines/MetroSupport/UnityEditor.UWP.Extensions.dll
Registered in 0.007320 seconds.
Native extension for UWP target not found
Native extension for WindowsStandalone target not found
Native extension for WebGL target not found
Refreshing native plugins compatible for Editor in 78.85 ms, found 4 plugins.
Preloading 0 native plugins for Editor in 0.00 ms.
Mono: successfully reloaded assembly
- Completed reload, in  0.540 seconds
Domain Reload Profiling:
	ReloadAssembly (541ms)
		BeginReloadAssembly (81ms)
			ExecutionOrderSort (0ms)
			DisableScriptedObjects (0ms)
			BackupInstance (0ms)
			ReleaseScriptingObjects (0ms)
			CreateAndSetChildDomain (1ms)
		EndReloadAssembly (376ms)
			LoadAssemblies (79ms)
			RebuildTransferFunctionScriptingTraits (0ms)
			SetupTypeCache (90ms)
			ReleaseScriptCaches (0ms)
			RebuildScriptCaches (23ms)
			SetupLoadedEditorAssemblies (228ms)
				LogAssemblyErrors (0ms)
				InitializePlatformSupportModulesInManaged (9ms)
				SetLoadedEditorAssemblies (0ms)
				RefreshPlugins (79ms)
				BeforeProcessingInitializeOnLoad (1ms)
				ProcessInitializeOnLoadAttributes (99ms)
				ProcessInitializeOnLoadMethodAttributes (40ms)
				AfterProcessingInitializeOnLoad (0ms)
				EditorAssembliesLoaded (0ms)
			ExecutionOrderSort2 (0ms)
			AwakeInstancesAfterBackupRestoration (0ms)
Platform modules already initialized, skipping
Registering precompiled user dll's ...
Registered in 0.005638 seconds.
Begin MonoManager ReloadAssembly
OnLevelWasLoaded was found on GlobalW
This message has been deprecated and will be removed in a later version of Unity.
Add a delegate to SceneManager.sceneLoaded instead to get notifications after scene loading has completed
Native extension for UWP target not found
Native extension for WindowsStandalone target not found
Native extension for WebGL target not found
Refreshing native plugins compatible for Editor in 79.79 ms, found 4 plugins.
Preloading 0 native plugins for Editor in 0.00 ms.
Package Manager log level set to [2]
[Package Manager] Server::EnsureServerProcessIsRunning -- launch failed, reason: Unity was launched with the -noUpm command-line argument
[Package Manager] Cannot connect to Unity Package Manager local server
Mono: successfully reloaded assembly
- Completed reload, in  1.395 seconds
Domain Reload Profiling:
	ReloadAssembly (1396ms)
		BeginReloadAssembly (114ms)
			ExecutionOrderSort (0ms)
			DisableScriptedObjects (5ms)
			BackupInstance (0ms)
			ReleaseScriptingObjects (0ms)
			CreateAndSetChildDomain (17ms)
		EndReloadAssembly (1193ms)
			LoadAssemblies (100ms)
			RebuildTransferFunctionScriptingTraits (0ms)
			SetupTypeCache (213ms)
			ReleaseScriptCaches (1ms)
			RebuildScriptCaches (54ms)
			SetupLoadedEditorAssemblies (810ms)
				LogAssemblyErrors (0ms)
				InitializePlatformSupportModulesInManaged (7ms)
				SetLoadedEditorAssemblies (0ms)
				RefreshPlugins (80ms)
				BeforeProcessingInitializeOnLoad (86ms)
				ProcessInitializeOnLoadAttributes (587ms)
				ProcessInitializeOnLoadMethodAttributes (43ms)
				AfterProcessingInitializeOnLoad (7ms)
				EditorAssembliesLoaded (0ms)
			ExecutionOrderSort2 (0ms)
			AwakeInstancesAfterBackupRestoration (6ms)
Platform modules already initialized, skipping
========================================================================
Worker process is ready to serve import requests
Launched and connected shader compiler UnityShaderCompiler.exe after 0.04 seconds
Refreshing native plugins compatible for Editor in 0.76 ms, found 4 plugins.
Preloading 0 native plugins for Editor in 0.00 ms.
Unloading 4427 Unused Serialized files (Serialized files now loaded: 0)
Unloading 52 unused Assets / (119.7 KB). Loaded Objects now: 4885.
Memory consumption went from 168.9 MB to 168.8 MB.
Total: 3.045300 ms (FindLiveObjects: 0.337100 ms CreateObjectMapping: 0.295700 ms MarkObjects: 2.333400 ms  DeleteObjects: 0.078400 ms)

AssetImportParameters requested are different than current active one (requested -> active):
  custom:video-decoder-ogg-theora: a1e56fd34408186e4bbccfd4996cb3dc -> 
  custom:container-muxer-webm: aa71ff27fc2769a1b78a27578f13a17b -> 
  custom:container-demuxer-webm: 4f35f7cbe854078d1ac9338744f61a02 -> 
  custom:video-encoder-webm-vp8: eb34c28f22e8b96e1ab97ce403110664 -> 
  custom:CustomObjectIndexerAttribute: bc11b3a6c3213fcdd17b65e7da85e133 -> 
  custom:audio-encoder-webm-vorbis: bf7c407c2cedff20999df2af8eb42d56 -> 
  custom:framework-win-MediaFoundation: 216162199b28c13a410421893ffa2e32 -> 
  custom:SearchIndexIgnoredProperties: e643bd26f0fe6173181afceb89e7c659 -> 
  custom:container-demuxer-ogg: 62fdf1f143b41e24485cea50d1cbac27 -> 
  custom:video-decoder-webm-vp8: 9c59270c3fd7afecdb556c50c9e8de78 -> 
  custom:audio-decoder-ogg-vorbis: bf7c407c2cedff20999df2af8eb42d56 -> 
========================================================================
Received Import Request.
  Time since last request: 836470.612433 seconds.
  path: Assets/Background/OUZ2.mp4
  artifactKey: Guid(b8a547f1c45590c4393533b939a15247) Importer(815301076,1909f56bfc062723c751e8b465ee728b)
Number of updated assets reloaded before import = 0
Start importing Assets/Background/OUZ2.mp4 using Guid(b8a547f1c45590c4393533b939a15247) Importer(815301076,1909f56bfc062723c751e8b465ee728b)  -> (artifact id: '6c6bc5e511c6ac70730a38d00d96b661') in 0.048858 seconds 
Number of asset objects unloaded after import = 1
========================================================================
Received Import Request.
  Time since last request: 49.206495 seconds.
  path: Assets/sprites/chestopen.png
  artifactKey: Guid(896e2564a17155f42817e9120f70e19a) Importer(815301076,1909f56bfc062723c751e8b465ee728b)
Number of updated assets reloaded before import = 0
Start importing Assets/sprites/chestopen.png using Guid(896e2564a17155f42817e9120f70e19a) Importer(815301076,1909f56bfc062723c751e8b465ee728b)  -> (artifact id: 'e7b45a77799a2d3d989f6035d26ad263') in 0.091686 seconds 
Number of asset objects unloaded after import = 8
========================================================================
Received Import Request.
  Time since last request: 0.000018 seconds.
  path: Assets/sprites/tablet.png
  artifactKey: Guid(df47ef4d40baf7e41a70114fbb10ef8d) Importer(815301076,1909f56bfc062723c751e8b465ee728b)
Number of updated assets reloaded before import = 0
Start importing Assets/sprites/tablet.png using Guid(df47ef4d40baf7e41a70114fbb10ef8d) Importer(815301076,1909f56bfc062723c751e8b465ee728b)  -> (artifact id: 'b61d225603a96f9db483d6bd089d4b69') in 0.018021 seconds 
Number of asset objects unloaded after import = 3
========================================================================
Received Import Request.
  Time since last request: 0.000022 seconds.
  path: Assets/sprites/doorclose.png
  artifactKey: Guid(322ce028add63d4478360f9b1be605c2) Importer(815301076,1909f56bfc062723c751e8b465ee728b)
Number of updated assets reloaded before import = 0
Start importing Assets/sprites/doorclose.png using Guid(322ce028add63d4478360f9b1be605c2) Importer(815301076,1909f56bfc062723c751e8b465ee728b)  -> (artifact id: '779df875155a7216a98d900d6753d64c') in 0.035390 seconds 
Number of asset objects unloaded after import = 9
========================================================================
Received Import Request.
  Time since last request: 0.000015 seconds.
  path: Assets/sprites/laser1.png
  artifactKey: Guid(afd113264df5bf84d9bf49ac5096a10f) Importer(815301076,1909f56bfc062723c751e8b465ee728b)
Number of updated assets reloaded before import = 0
Start importing Assets/sprites/laser1.png using Guid(afd113264df5bf84d9bf49ac5096a10f) Importer(815301076,1909f56bfc062723c751e8b465ee728b)  -> (artifact id: 'bb2e18fa006bc4390354f53bd28896a5') in 0.038463 seconds 
Number of asset objects unloaded after import = 10
========================================================================
Received Import Request.
  Time since last request: 0.000015 seconds.
  path: Assets/sprites/close.png
  artifactKey: Guid(d96b9b4c491ddb443b2f07f3eb038503) Importer(815301076,1909f56bfc062723c751e8b465ee728b)
Number of updated assets reloaded before import = 0
Start importing Assets/sprites/close.png using Guid(d96b9b4c491ddb443b2f07f3eb038503) Importer(815301076,1909f56bfc062723c751e8b465ee728b)  -> (artifact id: '7a79090d20587103ad82a3c2e907e3a4') in 0.013406 seconds 
Number of asset objects unloaded after import = 3
========================================================================
Received Import Request.
  Time since last request: 0.000017 seconds.
  path: Assets/sprites/turel.png
  artifactKey: Guid(c29d31a4cb775cc4b95e64d09bbc5d26) Importer(815301076,1909f56bfc062723c751e8b465ee728b)
Number of updated assets reloaded before import = 0
Start importing Assets/sprites/turel.png using Guid(c29d31a4cb775cc4b95e64d09bbc5d26) Importer(815301076,1909f56bfc062723c751e8b465ee728b)  -> (artifact id: '790b3a585e7f0681208454c45b3b23ad') in 0.019091 seconds 
Number of asset objects unloaded after import = 8
========================================================================
Received Import Request.
  Time since last request: 1.752960 seconds.
  path: Assets/sprites/people/WHITESP.png
  artifactKey: Guid(062597d25670e824ab1118c1209a244d) Importer(815301076,1909f56bfc062723c751e8b465ee728b)
Number of updated assets reloaded before import = 0
Start importing Assets/sprites/people/WHITESP.png using Guid(062597d25670e824ab1118c1209a244d) Importer(815301076,1909f56bfc062723c751e8b465ee728b)  -> (artifact id: '863fa51a4340229c3bb121aff84be74a') in 0.017481 seconds 
Number of asset objects unloaded after import = 3
========================================================================
Received Import Request.
  Time since last request: 10.657878 seconds.
  path: Assets/sprites/UI/EXIT3.png
  artifactKey: Guid(d59c3669f4ce96c48b5ebfbefbf776fe) Importer(815301076,1909f56bfc062723c751e8b465ee728b)
Number of updated assets reloaded before import = 0
Start importing Assets/sprites/UI/EXIT3.png using Guid(d59c3669f4ce96c48b5ebfbefbf776fe) Importer(815301076,1909f56bfc062723c751e8b465ee728b)  -> (artifact id: '4503aaecde6e8a281b79bc442122cbf2') in 0.017792 seconds 
Number of asset objects unloaded after import = 3
========================================================================
Received Import Request.
  Time since last request: 0.000016 seconds.
  path: Assets/sprites/UI/SAVE3.png
  artifactKey: Guid(f97f3cea25bd06341a248a5d782bda32) Importer(815301076,1909f56bfc062723c751e8b465ee728b)
Number of updated assets reloaded before import = 0
Start importing Assets/sprites/UI/SAVE3.png using Guid(f97f3cea25bd06341a248a5d782bda32) Importer(815301076,1909f56bfc062723c751e8b465ee728b)  -> (artifact id: 'b940798b2d37ea92559a1267fc050fd9') in 0.019907 seconds 
Number of asset objects unloaded after import = 3
========================================================================
Received Import Request.
  Time since last request: 0.000012 seconds.
  path: Assets/sprites/UI/inv1.png
  artifactKey: Guid(e8946c277fd05a64292b687ff87cf248) Importer(815301076,1909f56bfc062723c751e8b465ee728b)
Number of updated assets reloaded before import = 0
Start importing Assets/sprites/UI/inv1.png using Guid(e8946c277fd05a64292b687ff87cf248) Importer(815301076,1909f56bfc062723c751e8b465ee728b)  -> (artifact id: '683f5ff9969a4482c93daed8d211e811') in 0.020254 seconds 
Number of asset objects unloaded after import = 3
========================================================================
Received Import Request.
  Time since last request: 0.000019 seconds.
  path: Assets/sprites/UI/SAVE1.png
  artifactKey: Guid(6b04110696c382c4db409edc90ca8410) Importer(815301076,1909f56bfc062723c751e8b465ee728b)
Number of updated assets reloaded before import = 0
Start importing Assets/sprites/UI/SAVE1.png using Guid(6b04110696c382c4db409edc90ca8410) Importer(815301076,1909f56bfc062723c751e8b465ee728b)  -> (artifact id: '6ba0417c90ab9f3fb9a37143f8542e98') in 0.023592 seconds 
Number of asset objects unloaded after import = 3
========================================================================
Received Import Request.
  Time since last request: 0.000016 seconds.
  path: Assets/sprites/UI/inv3.png
  artifactKey: Guid(3556f3f6ec898fc44a0510a4fe46c5ff) Importer(815301076,1909f56bfc062723c751e8b465ee728b)
Number of updated assets reloaded before import = 0
Start importing Assets/sprites/UI/inv3.png using Guid(3556f3f6ec898fc44a0510a4fe46c5ff) Importer(815301076,1909f56bfc062723c751e8b465ee728b)  -> (artifact id: '5656c3e429cab74fde3f126def3fa52d') in 0.018510 seconds 
Number of asset objects unloaded after import = 3
========================================================================
Received Import Request.
  Time since last request: 589.064724 seconds.
  path: Assets/sprites/enemies/zombie/zombie.png
  artifactKey: Guid(d70e48f8924a93f4abd6793a737eac3e) Importer(815301076,1909f56bfc062723c751e8b465ee728b)
Number of updated assets reloaded before import = 0
Start importing Assets/sprites/enemies/zombie/zombie.png using Guid(d70e48f8924a93f4abd6793a737eac3e) Importer(815301076,1909f56bfc062723c751e8b465ee728b)  -> (artifact id: 'febd30831354825c8c05a97e0f8021e5') in 0.022298 seconds 
Number of asset objects unloaded after import = 2
========================================================================
Received Import Request.
  Time since last request: 0.000013 seconds.
  path: Assets/sprites/enemies/zombie/zombiel.png
  artifactKey: Guid(6c648f257f32f58489f4ca16ef8518d0) Importer(815301076,1909f56bfc062723c751e8b465ee728b)
Number of updated assets reloaded before import = 0
Start importing Assets/sprites/enemies/zombie/zombiel.png using Guid(6c648f257f32f58489f4ca16ef8518d0) Importer(815301076,1909f56bfc062723c751e8b465ee728b)  -> (artifact id: 'cc1fedba72b61c833b7a6406fb642f4f') in 0.025436 seconds 
Number of asset objects unloaded after import = 8
========================================================================
Received Import Request.
  Time since last request: 181.147232 seconds.
  path: Assets/sprites/Palletes/COMPLX.prefab
  artifactKey: Guid(8e7ea05c5b489d7458d3ae998a983773) Importer(815301076,1909f56bfc062723c751e8b465ee728b)
Number of updated assets reloaded before import = 0
Start importing Assets/sprites/Palletes/COMPLX.prefab using Guid(8e7ea05c5b489d7458d3ae998a983773) Importer(815301076,1909f56bfc062723c751e8b465ee728b)  -> (artifact id: '85d54bdb0da84e648bec1600a1120396') in 0.105893 seconds 
Number of asset objects unloaded after import = 221
========================================================================
Received Import Request.
  Time since last request: 0.000017 seconds.
  path: Assets/sprites/Palletes/newtile.png
  artifactKey: Guid(960886ab0da971346a0d3a45f9bdace1) Importer(815301076,1909f56bfc062723c751e8b465ee728b)
Number of updated assets reloaded before import = 0
Start importing Assets/sprites/Palletes/newtile.png using Guid(960886ab0da971346a0d3a45f9bdace1) Importer(815301076,1909f56bfc062723c751e8b465ee728b)  -> (artifact id: 'cccfa80c357fd6b91f3935e3fef6cb71') in 0.096492 seconds 
Number of asset objects unloaded after import = 39
========================================================================
Received Import Request.
  Time since last request: 0.000019 seconds.
  path: Assets/sprites/Palletes/table.png
  artifactKey: Guid(b5f99551721ff1345a67ebac7a9948d5) Importer(815301076,1909f56bfc062723c751e8b465ee728b)
Number of updated assets reloaded before import = 0
Start importing Assets/sprites/Palletes/table.png using Guid(b5f99551721ff1345a67ebac7a9948d5) Importer(815301076,1909f56bfc062723c751e8b465ee728b)  -> (artifact id: 'e3c91e7541ac1ff6e1b5815e7a111565') in 0.018410 seconds 
Number of asset objects unloaded after import = 3
========================================================================
Received Import Request.
  Time since last request: 0.000014 seconds.
  path: Assets/sprites/Palletes/table_0.asset
  artifactKey: Guid(e00b668cc3961cf4ba7a46ef2788b8ac) Importer(815301076,1909f56bfc062723c751e8b465ee728b)
Number of updated assets reloaded before import = 0
Start importing Assets/sprites/Palletes/table_0.asset using Guid(e00b668cc3961cf4ba7a46ef2788b8ac) Importer(815301076,1909f56bfc062723c751e8b465ee728b)  -> (artifact id: '61ff1e5a30d6f773c7c4dc79f122c1a2') in 0.010736 seconds 
Number of asset objects unloaded after import = 3
========================================================================
Received Import Request.
  Time since last request: 18.997249 seconds.
  path: Assets/sprites/colors/red.png
  artifactKey: Guid(d5e4d6230b34d6c43b598110e01a9e66) Importer(815301076,1909f56bfc062723c751e8b465ee728b)
Number of updated assets reloaded before import = 0
Start importing Assets/sprites/colors/red.png using Guid(d5e4d6230b34d6c43b598110e01a9e66) Importer(815301076,1909f56bfc062723c751e8b465ee728b)  -> (artifact id: '33d5703cd56c3677b906f55b8e58c794') in 0.220040 seconds 
Number of asset objects unloaded after import = 3
Editor requested this worker to shutdown with reason: Scaling down because of idle timeout
AssetImportWorker is now disconnected from the server
Process exiting
Exiting without the bug reporter. Application will terminate with return code 0